#
# There is insufficient memory for the Java Runtime Environment to continue.
# Native memory allocation (malloc) failed to allocate 410736 bytes for Chunk::new
# Possible reasons:
#   The system is out of physical RAM or swap space
#   The process is running with CompressedOops enabled, and the Java Heap may be blocking the growth of the native heap
# Possible solutions:
#   Reduce memory load on the system
#   Increase physical memory or swap space
#   Check if swap backing store is full
#   Decrease Java heap size (-Xmx/-Xms)
#   Decrease number of Java threads
#   Decrease Java thread stack sizes (-Xss)
#   Set larger code cache with -XX:ReservedCodeCacheSize=
#   JVM is running with Unscaled Compressed Oops mode in which the Java heap is
#     placed in the first 4GB address space. The Java Heap base address is the
#     maximum limit for the native heap growth. Please use -XX:HeapBaseMinAddress
#     to set the Java Heap base and to place the Java Heap above 4GB virtual address.
# This output file may be truncated or incomplete.
#
#  Out of Memory Error (allocation.cpp:389), pid=7936, tid=0x0000000000004b68
#
# JRE version: OpenJDK Runtime Environment (8.0_265-b01) (build 1.8.0_265-b01)
# Java VM: OpenJDK 64-Bit Server VM (25.265-b01 mixed mode windows-amd64 compressed oops)
# Failed to write core dump. Minidumps are not enabled by default on client versions of Windows
#

---------------  T H R E A D  ---------------

Current thread (0x000001cb31ccf000):  JavaThread "C2 CompilerThread2" daemon [_thread_in_native, id=19304, stack(0x000000c035b00000,0x000000c035c00000)]

Stack: [0x000000c035b00000,0x000000c035c00000]
[error occurred during error reporting (printing stack bounds), id 0xc0000005]

Native frames: (J=compiled Java code, j=interpreted, Vv=VM code, C=native code)


Current CompileTask:
C2:    356  721       4       com.sun.org.apache.xerces.internal.impl.XMLEntityScanner::checkLimit (253 bytes)


---------------  P R O C E S S  ---------------

Java Threads: ( => current thread )
  0x000001cb31d65000 JavaThread "Service Thread" daemon [_thread_blocked, id=21424, stack(0x000000c035d00000,0x000000c035e00000)]
  0x000001cb31cd5000 JavaThread "C1 CompilerThread3" daemon [_thread_blocked, id=21916, stack(0x000000c035c00000,0x000000c035d00000)]
=>0x000001cb31ccf000 JavaThread "C2 CompilerThread2" daemon [_thread_in_native, id=19304, stack(0x000000c035b00000,0x000000c035c00000)]
  0x000001cb31ccc000 JavaThread "C2 CompilerThread1" daemon [_thread_in_native, id=14388, stack(0x000000c035a00000,0x000000c035b00000)]
  0x000001cb31cc8800 JavaThread "C2 CompilerThread0" daemon [_thread_in_native, id=21824, stack(0x000000c035900000,0x000000c035a00000)]
  0x000001cb31cc7000 JavaThread "Attach Listener" daemon [_thread_blocked, id=4524, stack(0x000000c035800000,0x000000c035900000)]
  0x000001cb31cb8800 JavaThread "Signal Dispatcher" daemon [_thread_blocked, id=21072, stack(0x000000c035700000,0x000000c035800000)]
  0x000001cb31c98000 JavaThread "Finalizer" daemon [_thread_blocked, id=20684, stack(0x000000c035600000,0x000000c035700000)]
  0x000001cb31c90800 JavaThread "Reference Handler" daemon [_thread_blocked, id=20472, stack(0x000000c035500000,0x000000c035600000)]
  0x000001cb2008b000 JavaThread "main" [_thread_in_Java, id=22412, stack(0x000000c035300000,0x000000c035400000)]

Other Threads:
  0x000001cb203e4800 VMThread [stack: 0x000000c035400000,0x000000c035500000] [id=17016]
  0x000001cb31d78000 WatcherThread [stack: 0x000000c035e00000,0x000000c035f00000] [id=2452]

VM state:not at safepoint (normal execution)

VM Mutex/Monitor currently owned by a thread: None

heap address: 0x00000000a2400000, size: 1500 MB, Compressed Oops mode: 32-bit
Narrow klass base: 0x0000000000000000, Narrow klass shift: 3
Compressed class space size: 1073741824 Address: 0x0000000100000000

Heap:
 def new generation   total 78016K, used 34722K [0x00000000a2400000, 0x00000000a78a0000, 0x00000000c1800000)
  eden space 69376K,  50% used [0x00000000a2400000, 0x00000000a45e8a60, 0x00000000a67c0000)
  from space 8640K,   0% used [0x00000000a67c0000, 0x00000000a67c0000, 0x00000000a7030000)
  to   space 8640K,   0% used [0x00000000a7030000, 0x00000000a7030000, 0x00000000a78a0000)
 tenured generation   total 173440K, used 0K [0x00000000c1800000, 0x00000000cc160000, 0x0000000100000000)
   the space 173440K,   0% used [0x00000000c1800000, 0x00000000c1800000, 0x00000000c1800200, 0x00000000cc160000)
 Metaspace       used 8566K, capacity 8684K, committed 8960K, reserved 1056768K
  class space    used 884K, capacity 912K, committed 1024K, reserved 1048576K

Card table byte_map: [0x000001cb30f80000,0x000001cb31270000] byte_map_base: 0x000001cb30a6e000

Polling page: 0x000001cb202c0000

CodeCache: size=245760Kb used=3251Kb max_used=3263Kb free=242508Kb
 bounds [0x000001cb21bc0000, 0x000001cb21f00000, 0x000001cb30bc0000]
 total_blobs=1065 nmethods=740 adapters=238
 compilation: enabled

Compilation events (10 events):
Event: 0.347 Thread 0x000001cb31cc8800 nmethod 736 0x000001cb21eefe50 code [0x000001cb21eeffe0, 0x000001cb21ef04d0]
Event: 0.347 Thread 0x000001cb31cc8800  732       4       com.sun.org.apache.xerces.internal.impl.XMLEntityScanner::checkBeforeLoad (140 bytes)
Event: 0.349 Thread 0x000001cb31cc8800 nmethod 732 0x000001cb21ef0a10 code [0x000001cb21ef0b80, 0x000001cb21ef0ef8]
Event: 0.349 Thread 0x000001cb31cc8800  745       4       com.sun.org.apache.xerces.internal.impl.XMLEntityScanner::scanLiteral (755 bytes)
Event: 0.351 Thread 0x000001cb31cd5000  751       3       com.sun.org.apache.xerces.internal.impl.XMLEntityScanner::peekChar (63 bytes)
Event: 0.351 Thread 0x000001cb31cd5000 nmethod 751 0x000001cb21eef850 code [0x000001cb21eef9c0, 0x000001cb21eefd10]
Event: 0.354 Thread 0x000001cb31cc8800 nmethod 745 0x000001cb21eed790 code [0x000001cb21eed920, 0x000001cb21eeddb8]
Event: 0.354 Thread 0x000001cb31cc8800  741       4       com.sun.org.apache.xerces.internal.util.NamespaceSupport::getURI (38 bytes)
Event: 0.355 Thread 0x000001cb31cc8800 nmethod 741 0x000001cb21eb5150 code [0x000001cb21eb5280, 0x000001cb21eb5378]
Event: 0.355 Thread 0x000001cb31cc8800  756       4       com.sun.org.apache.xerces.internal.impl.XMLEntityScanner::scanChar (236 bytes)

GC Heap History (0 events):
No events

Deoptimization events (10 events):
Event: 0.270 Thread 0x000001cb2008b000 Uncommon trap: reason=unstable_if action=reinterpret pc=0x000001cb21d7cad8 method=java.lang.AbstractStringBuilder.append(Ljava/lang/String;)Ljava/lang/AbstractStringBuilder; @ 1
Event: 0.282 Thread 0x000001cb2008b000 Uncommon trap: reason=unstable_if action=reinterpret pc=0x000001cb21dd29b0 method=sun.misc.URLClassPath$JarLoader.getResource(Ljava/lang/String;Z)Lsun/misc/Resource; @ 15
Event: 0.312 Thread 0x000001cb2008b000 Uncommon trap: reason=bimorphic action=maybe_recompile pc=0x000001cb21e906fc method=java.util.regex.Pattern$Curly.match(Ljava/util/regex/Matcher;ILjava/lang/CharSequence;)Z @ 19
Event: 0.313 Thread 0x000001cb2008b000 Uncommon trap: reason=unstable_if action=reinterpret pc=0x000001cb21e90328 method=java.util.regex.Pattern$Curly.match1(Ljava/util/regex/Matcher;IILjava/lang/CharSequence;)Z @ 11
Event: 0.313 Thread 0x000001cb2008b000 Uncommon trap: reason=unstable_if action=reinterpret pc=0x000001cb21e907fc method=java.util.regex.Pattern$Curly.match1(Ljava/util/regex/Matcher;IILjava/lang/CharSequence;)Z @ 11
Event: 0.329 Thread 0x000001cb2008b000 Uncommon trap: reason=unstable_if action=reinterpret pc=0x000001cb21eb1e8c method=com.sun.org.apache.xerces.internal.impl.XMLEntityScanner.skipSpaces()Z @ 125
Event: 0.332 Thread 0x000001cb2008b000 Uncommon trap: reason=unstable_if action=reinterpret pc=0x000001cb21e97474 method=com.sun.org.apache.xerces.internal.impl.XMLEntityScanner.checkBeforeLoad(Lcom/sun/xml/internal/stream/Entity$ScannedEntity;II)I @ 18
Event: 0.344 Thread 0x000001cb2008b000 Uncommon trap: reason=unstable_if action=reinterpret pc=0x000001cb21eb4f6c method=com.sun.org.apache.xerces.internal.impl.XMLEntityScanner.scanChar(Lcom/sun/org/apache/xerces/internal/impl/XMLScanner$NameType;)I @ 59
Event: 0.344 Thread 0x000001cb2008b000 Uncommon trap: reason=unstable_if action=reinterpret pc=0x000001cb21ea8d48 method=com.sun.org.apache.xerces.internal.impl.XMLEntityScanner.scanLiteral(ILcom/sun/org/apache/xerces/internal/xni/XMLString;Z)I @ 587
Event: 0.350 Thread 0x000001cb2008b000 Uncommon trap: reason=unstable_if action=reinterpret pc=0x000001cb21eae878 method=com.sun.org.apache.xerces.internal.impl.XMLEntityScanner.peekChar()I @ 14

Classes redefined (0 events):
No events

Internal exceptions (10 events):
Event: 0.131 Thread 0x000001cb2008b000 Exception <a 'java/security/PrivilegedActionException'> (0x00000000a2bede10) thrown at [J:\jenkins\tmp\workspace\build\src\hotspot\src\share\vm\prims\jvm.cpp, line 1512]
Event: 0.131 Thread 0x000001cb2008b000 Exception <a 'java/security/PrivilegedActionException'> (0x00000000a2befac0) thrown at [J:\jenkins\tmp\workspace\build\src\hotspot\src\share\vm\prims\jvm.cpp, line 1512]
Event: 0.131 Thread 0x000001cb2008b000 Exception <a 'java/security/PrivilegedActionException'> (0x00000000a2befcd0) thrown at [J:\jenkins\tmp\workspace\build\src\hotspot\src\share\vm\prims\jvm.cpp, line 1512]
Event: 0.131 Thread 0x000001cb2008b000 Exception <a 'java/security/PrivilegedActionException'> (0x00000000a2bfc8a0) thrown at [J:\jenkins\tmp\workspace\build\src\hotspot\src\share\vm\prims\jvm.cpp, line 1512]
Event: 0.131 Thread 0x000001cb2008b000 Exception <a 'java/security/PrivilegedActionException'> (0x00000000a2bfcab0) thrown at [J:\jenkins\tmp\workspace\build\src\hotspot\src\share\vm\prims\jvm.cpp, line 1512]
Event: 0.131 Thread 0x000001cb2008b000 Exception <a 'java/security/PrivilegedActionException'> (0x00000000a2c08870) thrown at [J:\jenkins\tmp\workspace\build\src\hotspot\src\share\vm\prims\jvm.cpp, line 1512]
Event: 0.131 Thread 0x000001cb2008b000 Exception <a 'java/security/PrivilegedActionException'> (0x00000000a2c08a80) thrown at [J:\jenkins\tmp\workspace\build\src\hotspot\src\share\vm\prims\jvm.cpp, line 1512]
Event: 0.132 Thread 0x000001cb2008b000 Exception <a 'java/security/PrivilegedActionException'> (0x00000000a2c15c08) thrown at [J:\jenkins\tmp\workspace\build\src\hotspot\src\share\vm\prims\jvm.cpp, line 1512]
Event: 0.132 Thread 0x000001cb2008b000 Exception <a 'java/security/PrivilegedActionException'> (0x00000000a2c15e18) thrown at [J:\jenkins\tmp\workspace\build\src\hotspot\src\share\vm\prims\jvm.cpp, line 1512]
Event: 0.270 Thread 0x000001cb2008b000 Implicit null exception at 0x000001cb21d7c714 to 0x000001cb21d7cac1

Events (10 events):
Event: 0.332 Thread 0x000001cb2008b000 DEOPT UNPACKING pc=0x000001cb21c05583 sp=0x000000c0353fe0b8 mode 2
Event: 0.344 Thread 0x000001cb2008b000 Uncommon trap: trap_request=0xffffff65 fr.pc=0x000001cb21eb4f6c
Event: 0.344 Thread 0x000001cb2008b000 DEOPT PACKING pc=0x000001cb21eb4f6c sp=0x000000c0353fdf20
Event: 0.344 Thread 0x000001cb2008b000 DEOPT UNPACKING pc=0x000001cb21c05583 sp=0x000000c0353fdeb0 mode 2
Event: 0.344 Thread 0x000001cb2008b000 Uncommon trap: trap_request=0xffffff65 fr.pc=0x000001cb21ea8d48
Event: 0.344 Thread 0x000001cb2008b000 DEOPT PACKING pc=0x000001cb21ea8d48 sp=0x000000c0353fdf00
Event: 0.344 Thread 0x000001cb2008b000 DEOPT UNPACKING pc=0x000001cb21c05583 sp=0x000000c0353fde88 mode 2
Event: 0.350 Thread 0x000001cb2008b000 Uncommon trap: trap_request=0xffffff65 fr.pc=0x000001cb21eae878
Event: 0.350 Thread 0x000001cb2008b000 DEOPT PACKING pc=0x000001cb21eae878 sp=0x000000c0353fe2d0
Event: 0.350 Thread 0x000001cb2008b000 DEOPT UNPACKING pc=0x000001cb21c05583 sp=0x000000c0353fe260 mode 2


Dynamic libraries:
0x00007ff778130000 - 0x00007ff77816a000 	E:\quartus\quartus\bin64\jre64\bin\java.exe
0x00007ffecf110000 - 0x00007ffecf308000 	C:\Windows\SYSTEM32\ntdll.dll
0x00007ffecefb0000 - 0x00007ffecf06d000 	C:\Windows\System32\KERNEL32.DLL
0x00007ffeccaf0000 - 0x00007ffeccde6000 	C:\Windows\System32\KERNELBASE.dll
0x00007ffecdc00000 - 0x00007ffecdcaf000 	C:\Windows\System32\ADVAPI32.dll
0x00007ffecd3c0000 - 0x00007ffecd45e000 	C:\Windows\System32\msvcrt.dll
0x00007ffecd9c0000 - 0x00007ffecda5c000 	C:\Windows\System32\sechost.dll
0x00007ffecded0000 - 0x00007ffecdff6000 	C:\Windows\System32\RPCRT4.dll
0x00007ffecda60000 - 0x00007ffecdbfe000 	C:\Windows\System32\USER32.dll
0x00007ffecca70000 - 0x00007ffecca92000 	C:\Windows\System32\win32u.dll
0x00007ffece920000 - 0x00007ffece94c000 	C:\Windows\System32\GDI32.dll
0x00007ffecc950000 - 0x00007ffecca6a000 	C:\Windows\System32\gdi32full.dll
0x00007ffecd0d0000 - 0x00007ffecd16d000 	C:\Windows\System32\msvcp_win.dll
0x00007ffeccf40000 - 0x00007ffecd040000 	C:\Windows\System32\ucrtbase.dll
0x00007ffeb63d0000 - 0x00007ffeb666a000 	C:\Windows\WinSxS\amd64_microsoft.windows.common-controls_6595b64144ccf1df_6.0.19041.3636_none_60b6a03d71f818d5\COMCTL32.dll
0x00007ffecd460000 - 0x00007ffecd490000 	C:\Windows\System32\IMM32.DLL
0x00007ffe20050000 - 0x00007ffe2013f000 	E:\quartus\quartus\bin64\jre64\bin\msvcr120.dll
0x00007ffe1ffa0000 - 0x00007ffe20046000 	E:\quartus\quartus\bin64\jre64\bin\msvcp120.dll
0x0000000074b50000 - 0x00000000753b6000 	E:\quartus\quartus\bin64\jre64\bin\server\jvm.dll
0x00007ffecee80000 - 0x00007ffecee88000 	C:\Windows\System32\PSAPI.DLL
0x00007ffea6780000 - 0x00007ffea67a7000 	C:\Windows\SYSTEM32\WINMM.dll
0x00007ffebfb30000 - 0x00007ffebfb3a000 	C:\Windows\SYSTEM32\VERSION.dll
0x00007ffeada70000 - 0x00007ffeada79000 	C:\Windows\SYSTEM32\WSOCK32.dll
0x00007ffece000000 - 0x00007ffece06b000 	C:\Windows\System32\WS2_32.dll
0x00007ffe91c90000 - 0x00007ffe91c9f000 	E:\quartus\quartus\bin64\jre64\bin\verify.dll
0x00007ffe1ff70000 - 0x00007ffe1ff98000 	E:\quartus\quartus\bin64\jre64\bin\java.dll
0x00007ffe22c10000 - 0x00007ffe22c26000 	E:\quartus\quartus\bin64\jre64\bin\zip.dll
0x00007ffece070000 - 0x00007ffece7b5000 	C:\Windows\System32\SHELL32.dll
0x00007ffeca890000 - 0x00007ffecb02b000 	C:\Windows\SYSTEM32\windows.storage.dll
0x00007ffecd660000 - 0x00007ffecd9b4000 	C:\Windows\System32\combase.dll
0x00007ffecc230000 - 0x00007ffecc25d000 	C:\Windows\SYSTEM32\Wldp.dll
0x00007ffece870000 - 0x00007ffece91d000 	C:\Windows\System32\SHCORE.dll
0x00007ffecf070000 - 0x00007ffecf0c5000 	C:\Windows\System32\shlwapi.dll
0x00007ffecc720000 - 0x00007ffecc745000 	C:\Windows\SYSTEM32\profapi.dll

VM Arguments:
jvm_args: -Xmx1500M -XX:+UseSerialGC 
java_command: com.altera.sopcmodel.sbtools.sbcatalog.SbCatalog --xml --project-directory= --search-path=$,E:\QUARTUS\AT_23-24\eyrc23_ab_3762\AB_3762_Task5,E:\QUARTUS\AT_23-24\eyrc23_ab_3762\AB_3762_Task5
java_class_path (initial): E:/quartus/quartus/sopc_builder/model/lib\Nlview.jar;E:/quartus/quartus/sopc_builder/model/lib\TableLayout.jar;E:/quartus/quartus/sopc_builder/model/lib\appframework-1.03.jar;E:/quartus/quartus/sopc_builder/model/lib\asm-3.1.jar;E:/quartus/quartus/sopc_builder/model/lib\asm-commons-3.1.jar;E:/quartus/quartus/sopc_builder/model/lib\basicmodel.jar;E:/quartus/quartus/sopc_builder/model/lib\beansbinding-1.2.1.jar;E:/quartus/quartus/sopc_builder/model/lib\binding-2.0.6.jar;E:/quartus/quartus/sopc_builder/model/lib\com.altera.componenteditor2.jar;E:/quartus/quartus/sopc_builder/model/lib\com.altera.embeddedsw.app_lib.jar;E:/quartus/quartus/sopc_builder/model/lib\com.altera.embeddedsw.bsp.editor.jar;E:/quartus/quartus/sopc_builder/model/lib\com.altera.embeddedsw.bsp.elements.jar;E:/quartus/quartus/sopc_builder/model/lib\com.altera.embeddedsw.bsp.jar;E:/quartus/quartus/sopc_builder/model/lib\com.altera.embeddedsw.bsp.plugin.core.jar;E:/quartus/quartus/sopc_builder/model/lib\com.altera.embeddedsw.bsp.plugin.hal.jar;E:/quartus/quartus/sopc_builder/model/lib\com.altera.embeddedsw.bsp.plugin.lwhal.jar;E:/quartus/quartus/sopc_builder/model/lib\com.altera.embeddedsw.bsp.schema.jar;E:/quartus/quartus/sopc_builder/model/lib\com.altera.embeddedsw.bsp.scripting.jar;E:/quartus/quartus/sopc_builder/model/lib\com.altera.embeddedsw.commandline.jar;E:/quartus/quartus/sopc_builder/model/lib\com.altera.embeddedsw.cpexample.jar;E:/quartus/quartus/sopc_builder/model/lib\com.altera.embeddedsw.flash.jar;E:/quartus/quartus/sopc_builder/model/lib\com.altera.embeddedsw.launch.jar;E:/quartus/quartus/sopc_builder/model/lib\com.altera.embeddedsw.swinfo.jar;E:/quartus/quartus/sopc_builder/model/lib\com.altera.embeddedsw.utilities.jar;E:/quartus/quartus/sopc_builder/model/lib\com.altera.entityinterfaces.jar;E:/quartus/quartus/sopc_builder/model/lib\com.altera.genman.jar;E:/quartus/quartus/sopc_builder/model/lib\com.altera.hdlcomponent.jar;E:/quartus/quartus/sopc_builder/mod
Launcher Type: SUN_STANDARD

Environment Variables:
JAVA_HOME=C:\Program Files\Java
PATH=E:/quartus/quartus/bin64;e:\quartus\quartus\bin64\;e:\quartus\quartus\bin64\;C:\Program Files (x86)\Common Files\Oracle\Java\javapath;C:\Python312\Scripts\;C:\Python312\;C:\Program Files\Common Files\Oracle\Java\javapath;C:\python310\Scripts\;C:\python310\;C:\Windows\system32;C:\Windows;C:\Windows\System32\Wbem;C:\Windows\System32\WindowsPowerShell\v1.0\;C:\Windows\System32\OpenSSH\;C:\Program Files\Java\bin;C:\Program Files\Git\cmd;C:\ProgramData\chocolatey\bin;C:\Program Files\nodejs\;C:\MinGW\bin;C:\msys64\mingw64\bin;C:\Users\vaseekaran\AppData\Local\Programs\Microsoft VS Code\bin;C:\Program Files\JetBrains\IntelliJ IDEA Community Edition 2022.1.2\bin;;D:\iverilog\bin;D:\iverilog\gtkwave\bin;E:\QUARTUS\modelsim_ase\win32aloem;C:\Users\vaseekaran\AppData\Local\GitHubDesktop\bin;C:\Users\vaseekaran\AppData\Roaming\npm
USERNAME=vaseekaran
OS=Windows_NT
PROCESSOR_IDENTIFIER=Intel64 Family 6 Model 140 Stepping 1, GenuineIntel



---------------  S Y S T E M  ---------------

OS: Windows 10.0 , 64 bit Build 19041 (10.0.19041.3636)

CPU:total 8 (initial active 8) (4 cores per cpu, 2 threads per core) family 6 model 140 stepping 1, cmov, cx8, fxsr, mmx, sse, sse2, sse3, ssse3, sse4.1, sse4.2, popcnt, avx, avx2, aes, clmul, erms, 3dnowpref, lzcnt, ht, tsc, tscinvbit, bmi1, bmi2, adx

Memory: 4k page, physical 16555320k(3862768k free), swap 35755316k(5196k free)

vm_info: OpenJDK 64-Bit Server VM (25.265-b01) for windows-amd64 JRE (1.8.0_265-b01), built on Jul 28 2020 15:11:27 by "jenkins" with MS VC++ 12.0 (VS2013)

time: Fri Feb 09 19:49:29 2024
timezone: India Standard Time
elapsed time: 0 seconds (0d 0h 0m 0s)

